# JRE version: Java(TM) SE Runtime Environment (8.0_291-b10) (build 1.8.0_291-b10)
# Java VM: Java HotSpot(TM) 64-Bit Server VM (25.291-b10 mixed mode windows-amd64 compressed oops)
Heap:
 PSYoungGen      total 163328K, used 148708K [0x000000076be00000, 0x000000077c100000, 0x00000007c0000000)
  eden space 149504K, 99% used [0x000000076be00000,0x0000000774f391a8,0x0000000775000000)
  from space 13824K, 0% used [0x0000000775d80000,0x0000000775d80000,0x0000000776b00000)
  to   space 13824K, 0% used [0x0000000775000000,0x0000000775000000,0x0000000775d80000)
 ParOldGen       total 127488K, used 16729K [0x00000006c3a00000, 0x00000006cb680000, 0x000000076be00000)
  object space 127488K, 13% used [0x00000006c3a00000,0x00000006c4a56588,0x00000006cb680000)
 Metaspace       used 43008K, capacity 45564K, committed 45696K, reserved 1089536K
  class space    used 6012K, capacity 6463K, committed 6528K, reserved 1048576K
GC Heap History (10 events):
Event: 1.443 GC heap before
{Heap before GC invocations=4 (full 1):
 PSYoungGen      total 75776K, used 8238K [0x000000076be00000, 0x0000000775200000, 0x00000007c0000000)
  eden space 65024K, 0% used [0x000000076be00000,0x000000076be00000,0x000000076fd80000)
  from space 10752K, 76% used [0x000000076fd80000,0x000000077058b820,0x0000000770800000)
  to   space 10752K, 0% used [0x0000000774780000,0x0000000774780000,0x0000000775200000)
 ParOldGen       total 173568K, used 104K [0x00000006c3a00000, 0x00000006ce380000, 0x000000076be00000)
  object space 173568K, 0% used [0x00000006c3a00000,0x00000006c3a1a010,0x00000006ce380000)
 Metaspace       used 20363K, capacity 21126K, committed 21296K, reserved 1067008K
  class space    used 2618K, capacity 2819K, committed 2944K, reserved 1048576K
Event: 1.463 GC heap after
Heap after GC invocations=4 (full 1):
 PSYoungGen      total 75776K, used 0K [0x000000076be00000, 0x0000000775200000, 0x00000007c0000000)
  eden space 65024K, 0% used [0x000000076be00000,0x000000076be00000,0x000000076fd80000)
  from space 10752K, 0% used [0x000000076fd80000,0x000000076fd80000,0x0000000770800000)
  to   space 10752K, 0% used [0x0000000774780000,0x0000000774780000,0x0000000775200000)
 ParOldGen       total 102400K, used 8037K [0x00000006c3a00000, 0x00000006c9e00000, 0x000000076be00000)
  object space 102400K, 7% used [0x00000006c3a00000,0x00000006c41d9610,0x00000006c9e00000)
 Metaspace       used 20361K, capacity 21120K, committed 21296K, reserved 1067008K
  class space    used 2618K, capacity 2818K, committed 2944K, reserved 1048576K
}
Event: 1.762 GC heap before
{Heap before GC invocations=5 (full 1):
 PSYoungGen      total 75776K, used 65024K [0x000000076be00000, 0x0000000775200000, 0x00000007c0000000)
  eden space 65024K, 100% used [0x000000076be00000,0x000000076fd80000,0x000000076fd80000)
  from space 10752K, 0% used [0x000000076fd80000,0x000000076fd80000,0x0000000770800000)
  to   space 10752K, 0% used [0x0000000774780000,0x0000000774780000,0x0000000775200000)
 ParOldGen       total 102400K, used 8037K [0x00000006c3a00000, 0x00000006c9e00000, 0x000000076be00000)
  object space 102400K, 7% used [0x00000006c3a00000,0x00000006c41d9610,0x00000006c9e00000)
 Metaspace       used 25764K, capacity 26812K, committed 27008K, reserved 1073152K
  class space    used 3345K, capacity 3596K, committed 3712K, reserved 1048576K
Event: 1.766 GC heap after
Heap after GC invocations=5 (full 1):
 PSYoungGen      total 107008K, used 6234K [0x000000076be00000, 0x0000000774e00000, 0x00000007c0000000)
  eden space 100352K, 0% used [0x000000076be00000,0x000000076be00000,0x0000000772000000)
  from space 6656K, 93% used [0x0000000774780000,0x0000000774d968c0,0x0000000774e00000)
  to   space 10752K, 0% used [0x0000000773900000,0x0000000773900000,0x0000000774380000)
 ParOldGen       total 102400K, used 8045K [0x00000006c3a00000, 0x00000006c9e00000, 0x000000076be00000)
  object space 102400K, 7% used [0x00000006c3a00000,0x00000006c41db610,0x00000006c9e00000)
 Metaspace       used 25764K, capacity 26812K, committed 27008K, reserved 1073152K
  class space    used 3345K, capacity 3596K, committed 3712K, reserved 1048576K
}
Event: 2.823 GC heap before
{Heap before GC invocations=6 (full 1):
 PSYoungGen      total 107008K, used 106586K [0x000000076be00000, 0x0000000774e00000, 0x00000007c0000000)
  eden space 100352K, 100% used [0x000000076be00000,0x0000000772000000,0x0000000772000000)
  from space 6656K, 93% used [0x0000000774780000,0x0000000774d968c0,0x0000000774e00000)
  to   space 10752K, 0% used [0x0000000773900000,0x0000000773900000,0x0000000774380000)
 ParOldGen       total 102400K, used 8045K [0x00000006c3a00000, 0x00000006c9e00000, 0x000000076be00000)
  object space 102400K, 7% used [0x00000006c3a00000,0x00000006c41db610,0x00000006c9e00000)
 Metaspace       used 33875K, capacity 35278K, committed 35456K, reserved 1079296K
  class space    used 4541K, capacity 4880K, committed 4992K, reserved 1048576K
Event: 2.828 GC heap after
Heap after GC invocations=6 (full 1):
 PSYoungGen      total 136704K, used 10736K [0x000000076be00000, 0x0000000776b00000, 0x00000007c0000000)
  eden space 125952K, 0% used [0x000000076be00000,0x000000076be00000,0x0000000773900000)
  from space 10752K, 99% used [0x0000000773900000,0x000000077437c3a8,0x0000000774380000)
  to   space 13824K, 0% used [0x0000000775d80000,0x0000000775d80000,0x0000000776b00000)
 ParOldGen       total 102400K, used 10041K [0x00000006c3a00000, 0x00000006c9e00000, 0x000000076be00000)
  object space 102400K, 9% used [0x00000006c3a00000,0x00000006c43ce5d0,0x00000006c9e00000)
 Metaspace       used 33875K, capacity 35278K, committed 35456K, reserved 1079296K
  class space    used 4541K, capacity 4880K, committed 4992K, reserved 1048576K
}
Event: 2.833 GC heap before
{Heap before GC invocations=7 (full 1):
 PSYoungGen      total 136704K, used 11804K [0x000000076be00000, 0x0000000776b00000, 0x00000007c0000000)
  eden space 125952K, 0% used [0x000000076be00000,0x000000076bf0ac58,0x0000000773900000)
  from space 10752K, 99% used [0x0000000773900000,0x000000077437c3a8,0x0000000774380000)
  to   space 13824K, 0% used [0x0000000775d80000,0x0000000775d80000,0x0000000776b00000)
 ParOldGen       total 102400K, used 10041K [0x00000006c3a00000, 0x00000006c9e00000, 0x000000076be00000)
  object space 102400K, 9% used [0x00000006c3a00000,0x00000006c43ce5d0,0x00000006c9e00000)
 Metaspace       used 33938K, capacity 35280K, committed 35456K, reserved 1079296K
  class space    used 4553K, capacity 4881K, committed 4992K, reserved 1048576K
Event: 2.837 GC heap after
Heap after GC invocations=7 (full 1):
 PSYoungGen      total 163328K, used 10764K [0x000000076be00000, 0x000000077c100000, 0x00000007c0000000)
  eden space 149504K, 0% used [0x000000076be00000,0x000000076be00000,0x0000000775000000)
  from space 13824K, 77% used [0x0000000775d80000,0x00000007768033a8,0x0000000776b00000)
  to   space 13824K, 0% used [0x0000000775000000,0x0000000775000000,0x0000000775d80000)
 ParOldGen       total 102400K, used 10049K [0x00000006c3a00000, 0x00000006c9e00000, 0x000000076be00000)
  object space 102400K, 9% used [0x00000006c3a00000,0x00000006c43d05d0,0x00000006c9e00000)
 Metaspace       used 33938K, capacity 35280K, committed 35456K, reserved 1079296K
  class space    used 4553K, capacity 4881K, committed 4992K, reserved 1048576K
}
Event: 2.837 GC heap before
{Heap before GC invocations=8 (full 2):
 PSYoungGen      total 163328K, used 10764K [0x000000076be00000, 0x000000077c100000, 0x00000007c0000000)
  eden space 149504K, 0% used [0x000000076be00000,0x000000076be00000,0x0000000775000000)
  from space 13824K, 77% used [0x0000000775d80000,0x00000007768033a8,0x0000000776b00000)
  to   space 13824K, 0% used [0x0000000775000000,0x0000000775000000,0x0000000775d80000)
 ParOldGen       total 102400K, used 10049K [0x00000006c3a00000, 0x00000006c9e00000, 0x000000076be00000)
  object space 102400K, 9% used [0x00000006c3a00000,0x00000006c43d05d0,0x00000006c9e00000)
 Metaspace       used 33938K, capacity 35280K, committed 35456K, reserved 1079296K
  class space    used 4553K, capacity 4881K, committed 4992K, reserved 1048576K
Event: 2.872 GC heap after
Heap after GC invocations=8 (full 2):
 PSYoungGen      total 163328K, used 0K [0x000000076be00000, 0x000000077c100000, 0x00000007c0000000)
  eden space 149504K, 0% used [0x000000076be00000,0x000000076be00000,0x0000000775000000)
  from space 13824K, 0% used [0x0000000775d80000,0x0000000775d80000,0x0000000776b00000)
  to   space 13824K, 0% used [0x0000000775000000,0x0000000775000000,0x0000000775d80000)
 ParOldGen       total 127488K, used 16729K [0x00000006c3a00000, 0x00000006cb680000, 0x000000076be00000)
  object space 127488K, 13% used [0x00000006c3a00000,0x00000006c4a56588,0x00000006cb680000)
 Metaspace       used 33938K, capacity 35280K, committed 35456K, reserved 1079296K
  class space    used 4553K, capacity 4881K, committed 4992K, reserved 1048576K
}

